AT2G33450-AT2G33460 1.0
AT2G42120-AT2G42130 0.2974910394265233
AT2G21200-AT2G21210 0.16666666666666666
AT3G19480-AT3G19490 0.2
AT3G19780-AT3G19790 0.5789473684210527
AT2G24440-AT2G24450 1.0
AT1G23400-AT1G23410 1.0
AT5G42480-AT5G42490 1.0
AT1G56170-AT1G56180 1.0
AT3G12060-AT3G12070 1.0
AT4G31870-AT4G31875 1.0
AT5G64390-AT5G64400 0.23695260947810437
AT3G27170-AT3G27180 1.0
AT4G29380-AT4G29390 0.8076923076923077
AT5G02710-AT5G02720 1.0
AT2G32890-AT2G32900 0.45
AT4G37040-AT4G37050 0.32608695652173914
AT3G52080-AT3G52090 0.6666666666666666
AT5G51010-AT5G51020 0.6666666666666666
AT5G41680-AT5G41685 1.0
AT4G17540-AT4G17550 0.21774193548387097
AT3G26125-AT3G26130 1.0
AT3G26470-AT3G26480 1.0
AT1G15980-AT1G15990 1.0
AT4G20420-AT4G20430 0.9905454545454545
AT4G16890-AT4G16950 0.06451612903225806
AT3G16980-AT3G16990 0.5
AT4G13190-AT4G13195 0.32
AT1G23730-AT1G23740 1.0
AT3G12760-AT3G12770 0.739803094233474
AT1G56700-AT1G56710 0.029850746268656716
AT5G66520-AT5G66530 1.0
AT1G71690-AT1G71691 1.0
AT5G61900-AT5G61910 1.0
AT3G53130-AT3G53140 1.0
AT1G79890-AT1G79900 0.18518518518518517
AT4G38590-AT4G38600 0.4500482625482625
AT5G46330-AT5G46340 0.018452803406671398
AT5G51630-AT5G51640 1.0
AT2G02720-AT2G02730 0.6666666666666666
AT3G22760-AT3G22770 1.0
AT1G24030-AT1G24040 1.0
AT3G18680-AT3G18690 0.13400335008375208
AT4G32830-AT4G32840 0.27134146341463417
AT2G32280-AT2G32290 0.5
AT5G01980-AT5G01990 1.0
AT1G53730-AT1G53750 0.36280884265279584
AT4G31210-AT4G31230 1.0
AT4G17010-AT4G17020 0.08085106382978724
AT2G03410-AT2G03420 1.0
AT2G46270-AT2G46280 0.06196901549225387
AT3G07900-AT3G07910 0.5
AT5G52170-AT5G52190 1.0
AT4G26090-AT4G26100 0.5
AT1G21110-AT1G21120 1.0
AT5G40970-AT5G40980 0.9090909090909091
AT1G36380-AT1G36390 0.14814814814814814
AT2G44650-AT2G44660 0.5
AT2G37620-AT2G37630 1.0
AT4G09950-AT4G09960 0.125
AT5G39130-AT5G39190 1.0
AT4G17830-AT4G17840 0.7391304347826086
AT5G58250-AT5G58260 0.16666666666666666
AT4G21400-AT4G21410 1.0
AT3G46520-AT3G46530 1.0
AT5G13720-AT5G13730 0.5
AT2G15480-AT2G15490 1.0
AT1G62610-AT1G62620 1.0
AT3G02780-AT3G02790 0.9121405750798722
AT2G25830-AT2G25840 0.11377245508982035
AT3G11010-AT3G11080 0.18181818181818182
AT1G56290-AT1G56300 1.0
AT3G61060-AT3G61070 0.6753731343283582
AT1G49960-AT1G49970 0.2
AT3G44480-AT3G44630 0.72
AT2G04880-AT2G04890 1.0
AT2G30690-AT2G30695 0.14285714285714285
AT3G16000-AT3G16010 0.2222222222222222
AT1G47410-AT1G47420 0.07766990291262135
AT1G06740-AT1G06750 1.0
AT5G38650-AT5G38660 1.0
AT3G49080-AT3G49100 0.3328173374613003
AT1G03380-AT1G03390 0.19111111111111112
AT5G27850-AT5G27860 0.36363636363636365
AT5G04600-AT5G04610 1.0
AT2G31820-AT2G31830 1.0
AT1G68585-AT1G68590 0.04316546762589928
AT5G63640-AT5G63650 0.6036446469248291
AT3G49240-AT3G49250 1.0
AT5G18140-AT5G18150 0.875
AT2G40420-AT2G40430 0.2936708860759494
AT5G19500-AT5G19510 0.6589861751152074
AT5G40650-AT5G40660 0.7352941176470589
AT2G29540-AT2G29550 1.0
AT2G22870-AT2G22880 1.0
AT1G18650-AT1G18660 0.040339702760084924
AT3G52155-AT3G52160 0.4444444444444444
AT1G33680-AT1G33700 1.0
AT3G54420-AT3G54430 1.0
AT2G47640-AT2G47650 0.2857142857142857
AT3G22780-AT3G22790 0.825
AT3G55830-AT3G55840 1.0
AT4G23210-AT4G23300 1.0
AT3G22520-AT3G22530 1.0
AT3G21360-AT3G21370 0.7910685805422647
AT3G51390-AT3G51400 1.0
AT5G64270-AT5G64280 0.5833333333333334
AT5G16770-AT5G16780 0.26345291479820626
AT1G12310-AT1G12320 1.0
AT1G50240-AT1G50250 0.5949367088607594
AT3G16130-AT3G16140 1.0
AT1G79840-AT1G79850 1.0
AT4G14890-AT4G14900 1.0
AT2G45990-AT2G46000 0.25333333333333335
AT3G13210-AT3G13220 1.0
AT3G10350-AT3G10360 1.0
AT4G27790-AT4G27800 0.1111111111111111
AT2G40200-AT2G40205 1.0
AT5G05470-AT5G05480 0.39622641509433965
AT5G13770-AT5G13780 0.44
AT4G08400-AT4G08410 1.0
AT1G76390-AT1G76400 0.152317880794702
AT1G72660-AT1G72670 0.5357142857142857
AT3G27360-AT3G27380 0.43427051671732525
AT5G25340-AT5G25350 0.5
AT5G22830-AT5G22840 0.6592592592592592
AT3G53580-AT3G53590 1.0
AT1G74410-AT1G74420 0.1346153846153846
AT5G08390-AT5G08400 1.0
AT5G14310-AT5G14320 1.0
AT1G43850-AT1G43860 1.0
AT5G03905-AT5G03910 0.28378378378378377
AT4G39030-AT4G39040 0.25
AT2G41640-AT2G41650 1.0
AT3G15010-AT3G15020 0.0959902794653706
AT5G66180-AT5G66190 0.12698412698412698
AT1G17840-AT1G17850 1.0
AT5G14090-AT5G14100 1.0
AT1G79270-AT1G79280 1.0
AT2G04270-AT2G04280 1.0
AT1G08550-AT1G08560 1.0
AT4G05190-AT4G05200 0.5531914893617021
AT1G59840-AT1G59850 0.6666666666666666
AT4G31530-AT4G31540 1.0
AT1G26520-AT1G26530 0.46320346320346323
AT2G19670-AT2G19680 0.23548387096774193
AT3G61300-AT3G61310 1.0
AT1G55510-AT1G55520 0.25
AT1G01160-AT1G01170 0.1553398058252427
AT3G12930-AT3G12940 1.0
AT3G01280-AT3G01290 0.485
AT3G15260-AT3G15270 0.8372093023255814
AT3G16370-AT3G16380 1.0
AT5G10510-AT5G10520 1.0
AT4G14090-AT4G14100 0.4838709677419355
AT5G46410-AT5G46420 0.10004203446826397
AT4G14000-AT4G14010 1.0
AT4G14500-AT4G14510 1.0
AT1G70480-AT1G70490 0.042971783587885067
AT1G04820-AT1G50010 0.07135934875306887
AT1G11400-AT1G11410 0.08190476190476191
AT3G26440-AT3G26450 1.0
AT4G20380-AT4G20390 0.029850746268656716
AT5G04250-AT5G04260 1.0
AT5G06930-AT5G06940 1.0
AT2G25880-AT2G25890 1.0
AT5G48580-AT5G48590 0.5
AT3G58780-AT3G58790 1.0
AT5G05550-AT5G05560 1.0
AT1G11240-AT1G11250 1.0
AT3G48070-AT3G48080 0.13043478260869565
AT4G11660-AT4G11670 0.3333333333333333
AT1G50900-AT1G50910 1.0
AT1G54780-AT1G54790 0.36363636363636365
AT2G18270-AT2G18280 0.2222222222222222
AT2G41110-AT2G41120 0.9
AT2G41540-AT2G41550 0.7142857142857143
AT2G41610-AT2G41620 0.371868978805395
AT3G04700-AT3G04710 1.0
AT1G16060-AT1G16070 1.0
AT3G10220-AT3G10230 1.0
AT1G29440-AT1G29510 1.0
AT5G67100-AT5G67110 0.9411764705882353
AT4G17940-AT4G17950 1.0
AT1G68630-AT1G68640 1.0
AT1G15390-AT1G15400 0.11476793248945148
AT5G23510-AT5G23520 0.8488372093023255
AT2G38780-AT2G38790 1.0
AT3G27750-AT3G27770 0.7391304347826086
AT5G46270-AT5G46520 0.29411764705882354
AT5G61980-AT5G61990 0.7967741935483871
AT5G53430-AT5G53440 1.0
AT1G52230-AT1G52240 1.0
AT3G51290-AT3G51300 0.8100558659217877
AT1G07500-AT1G07510 1.0
AT3G12990-AT3G13000 0.6666666666666666
AT5G02560-AT5G02570 1.0
AT4G23800-AT4G23810 0.5
AT3G10650-AT3G10660 0.25018181818181817
AT4G31010-AT4G31020 0.35
AT5G08480-AT5G08490 1.0
AT1G70760-AT1G70770 0.23991726990692863
AT1G73790-AT1G73805 1.0
AT3G57700-AT3G57710 0.7714285714285715
AT2G31880-AT2G31890 1.0
AT3G25820-AT3G25830 1.0
AT5G54270-AT5G54280 0.23333333333333334
AT4G02140-AT4G02150 0.13725490196078433
AT1G04230-AT1G04240 0.8672566371681416
AT2G46200-AT2G46210 1.0
AT3G07040-AT3G07050 1.0
AT5G25520-AT5G25530 0.7777777777777778
AT4G20140-AT4G20150 0.24100156494522693
AT5G61930-AT5G61940 1.0
AT3G01500-AT3G01510 0.06442953020134229
AT3G63470-AT3G63480 0.8
AT1G10490-AT1G10500 1.0
AT5G45000-AT5G45010 1.0
AT2G32470-AT2G32480 1.0
AT2G04039-AT2G04040 1.0
AT4G37000-AT4G37010 0.027439024390243903
AT5G58060-AT5G58070 0.7101449275362319
AT5G58375-AT5G58380 0.07142857142857142
AT3G15060-AT3G15070 0.6306306306306306
AT1G18880-AT1G18890 1.0
AT4G02880-AT4G02890 0.5641711229946524
AT4G17600-AT4G17610 1.0
AT3G19640-AT3G19650 0.06705783738474434
AT5G17990-AT5G18000 0.8571428571428571
AT4G01280-AT4G01290 0.5226266601082145
AT3G44400-AT3G44480 0.1
AT1G04790-AT1G04800 0.5754716981132075
AT1G61360-AT1G61370 0.02702702702702703
AT5G25630-AT5G25640 0.22857142857142856
AT5G42760-AT5G42765 1.0
AT4G16400-AT4G16410 1.0
AT3G54980-AT3G54990 0.22857142857142856
AT1G18530-AT1G18540 0.7804295942720764
AT1G68510-AT1G68520 0.16180020692033567
AT5G60250-AT5G60260 1.0
AT1G49140-AT1G49150 0.8359375
AT4G03610-AT4G03620 1.0
AT2G19060-AT2G19070 1.0
AT3G01250-AT3G01260 0.16666666666666666
AT5G42290-AT5G42300 0.724198250728863
AT5G39400-AT5G39410 1.0
AT3G12660-AT3G12670 1.0
AT5G25170-AT5G25180 0.5
AT4G23610-AT4G23620 0.5
AT1G08090-AT1G08100 0.14285714285714285
AT4G20250-AT4G20260 0.19510624597553122
[0.29389427 0.8        1.         1.        ]
